[debug] [2022-02-01T19:12:33.307Z] ----------------------------------------------------------------------
[debug] [2022-02-01T19:12:33.309Z] Command:       C:\Program Files\nodejs\node.exe C:\Users\logically\AppData\Roaming\npm\node_modules\firebase-tools\lib\bin\firebase.js deploy --only hosting:kredt-react
[debug] [2022-02-01T19:12:33.309Z] CLI Version:   9.11.0
[debug] [2022-02-01T19:12:33.309Z] Platform:      win32
[debug] [2022-02-01T19:12:33.309Z] Node Version:  v12.13.0
[debug] [2022-02-01T19:12:33.310Z] Time:          Wed Feb 02 2022 00:42:33 GMT+0530 (India Standard Time)
[debug] [2022-02-01T19:12:33.310Z] ----------------------------------------------------------------------
[debug] 
[debug] [2022-02-01T19:12:33.318Z] > command requires scopes: ["email","openid","https://www.googleapis.com/auth/cloudplatformprojects.readonly","https://www.googleapis.com/auth/firebase","https://www.googleapis.com/auth/cloud-platform"]
[debug] [2022-02-01T19:12:33.318Z] > authorizing via signed-in user (ssquarefinancialservices@gmail.com)
[debug] [2022-02-01T19:12:33.318Z] [iam] checking project verification-43844 for permissions ["firebase.projects.get","firebasehosting.sites.update"]
[debug] [2022-02-01T19:12:33.320Z] > refreshing access token with scopes: ["email","https://www.googleapis.com/auth/cloud-platform","https://www.googleapis.com/auth/cloudplatformprojects.readonly","https://www.googleapis.com/auth/firebase","openid"]
[debug] [2022-02-01T19:12:33.321Z] >>> HTTP REQUEST POST https://www.googleapis.com/oauth2/v3/token  
 <request body omitted>
[debug] [2022-02-01T19:12:34.149Z] <<< HTTP RESPONSE 200 {"pragma":"no-cache","expires":"Mon, 01 Jan 1990 00:00:00 GMT","cache-control":"no-cache, no-store, max-age=0, must-revalidate","date":"Tue, 01 Feb 2022 19:12:33 GMT","content-type":"application/json; charset=utf-8","vary":"X-Origin, Referer, Origin,Accept-Encoding","server":"scaffolding on HTTPServer2","x-xss-protection":"0","x-frame-options":"SAMEORIGIN","x-content-type-options":"nosniff","alt-svc":"h3=\":443\"; ma=2592000,h3-29=\":443\"; ma=2592000,h3-Q050=\":443\"; ma=2592000,h3-Q046=\":443\"; ma=2592000,h3-Q043=\":443\"; ma=2592000,quic=\":443\"; ma=2592000; v=\"46,43\"","accept-ranges":"none","transfer-encoding":"chunked"}
[debug] [2022-02-01T19:12:34.163Z] >>> HTTP REQUEST POST https://cloudresourcemanager.googleapis.com/v1/projects/verification-43844:testIamPermissions  
 {"permissions":["firebase.projects.get","firebasehosting.sites.update"]}
[debug] [2022-02-01T19:12:36.754Z] <<< HTTP RESPONSE 200 {"content-type":"application/json; charset=UTF-8","vary":"X-Origin, Referer, Origin,Accept-Encoding","date":"Tue, 01 Feb 2022 19:12:36 GMT","server":"ESF","cache-control":"private","x-xss-protection":"0","x-frame-options":"SAMEORIGIN","x-content-type-options":"nosniff","server-timing":"gfet4t7; dur=1307","alt-svc":"h3=\":443\"; ma=2592000,h3-29=\":443\"; ma=2592000,h3-Q050=\":443\"; ma=2592000,h3-Q046=\":443\"; ma=2592000,h3-Q043=\":443\"; ma=2592000,quic=\":443\"; ma=2592000; v=\"46,43\"","accept-ranges":"none","transfer-encoding":"chunked"}
[debug] [2022-02-01T19:12:36.757Z] > refreshing access token with scopes: []
[debug] [2022-02-01T19:12:36.757Z] >>> HTTP REQUEST POST https://www.googleapis.com/oauth2/v3/token  
 <request body omitted>
[debug] [2022-02-01T19:12:37.023Z] <<< HTTP RESPONSE 200 {"date":"Tue, 01 Feb 2022 19:12:36 GMT","expires":"Mon, 01 Jan 1990 00:00:00 GMT","pragma":"no-cache","cache-control":"no-cache, no-store, max-age=0, must-revalidate","content-type":"application/json; charset=utf-8","vary":"X-Origin, Referer, Origin,Accept-Encoding","server":"scaffolding on HTTPServer2","x-xss-protection":"0","x-frame-options":"SAMEORIGIN","x-content-type-options":"nosniff","alt-svc":"h3=\":443\"; ma=2592000,h3-29=\":443\"; ma=2592000,h3-Q050=\":443\"; ma=2592000,h3-Q046=\":443\"; ma=2592000,h3-Q043=\":443\"; ma=2592000,quic=\":443\"; ma=2592000; v=\"46,43\"","accept-ranges":"none","transfer-encoding":"chunked"}
[debug] [2022-02-01T19:12:37.048Z] >>> [apiv2][query] GET https://firebase.googleapis.com/v1beta1/projects/verification-43844 [none]
[debug] [2022-02-01T19:12:38.055Z] <<< [apiv2][status] GET https://firebase.googleapis.com/v1beta1/projects/verification-43844 200
[debug] [2022-02-01T19:12:38.055Z] <<< [apiv2][body] GET https://firebase.googleapis.com/v1beta1/projects/verification-43844 {"projectId":"verification-43844","projectNumber":"6012213713","displayName":"Verification","name":"projects/verification-43844","resources":{"hostingSite":"verification-43844","realtimeDatabaseInstance":"verification-43844","storageBucket":"verification-43844.appspot.com","locationId":"asia-east2"},"state":"ACTIVE"}
[info] 
[info] === Deploying to 'verification-43844'...
[info] 
[info] i  deploying hosting 
[debug] [2022-02-01T19:12:38.064Z] > refreshing access token with scopes: ["email","https://www.googleapis.com/auth/cloud-platform","https://www.googleapis.com/auth/cloudplatformprojects.readonly","https://www.googleapis.com/auth/firebase","openid"]
[debug] [2022-02-01T19:12:38.064Z] >>> HTTP REQUEST POST https://www.googleapis.com/oauth2/v3/token  
 <request body omitted>
[debug] [2022-02-01T19:12:38.564Z] <<< HTTP RESPONSE 200 {"pragma":"no-cache","expires":"Mon, 01 Jan 1990 00:00:00 GMT","date":"Tue, 01 Feb 2022 19:12:38 GMT","cache-control":"no-cache, no-store, max-age=0, must-revalidate","content-type":"application/json; charset=utf-8","vary":"X-Origin, Referer, Origin,Accept-Encoding","server":"scaffolding on HTTPServer2","x-xss-protection":"0","x-frame-options":"SAMEORIGIN","x-content-type-options":"nosniff","alt-svc":"h3=\":443\"; ma=2592000,h3-29=\":443\"; ma=2592000,h3-Q050=\":443\"; ma=2592000,h3-Q046=\":443\"; ma=2592000,h3-Q043=\":443\"; ma=2592000,quic=\":443\"; ma=2592000; v=\"46,43\"","accept-ranges":"none","transfer-encoding":"chunked"}
[debug] [2022-02-01T19:12:38.573Z] >>> HTTP REQUEST POST https://firebasehosting.googleapis.com/v1beta1/sites/kredt-react/versions  
 {"config":{"rewrites":[{"glob":"**","path":"/index.html"}]},"labels":{"deployment-tool":"cli-firebase"}}
[debug] [2022-02-01T19:12:41.733Z] <<< HTTP RESPONSE 200 {"content-type":"application/json; charset=UTF-8","vary":"X-Origin, Referer, Origin,Accept-Encoding","date":"Tue, 01 Feb 2022 19:12:41 GMT","server":"ESF","cache-control":"private","x-xss-protection":"0","x-frame-options":"SAMEORIGIN","x-content-type-options":"nosniff","alt-svc":"h3=\":443\"; ma=2592000,h3-29=\":443\"; ma=2592000,h3-Q050=\":443\"; ma=2592000,h3-Q046=\":443\"; ma=2592000,h3-Q043=\":443\"; ma=2592000,quic=\":443\"; ma=2592000; v=\"46,43\"","accept-ranges":"none","transfer-encoding":"chunked"}
[info] i  hosting[kredt-react]: beginning deploy... 
[info] i  hosting[kredt-react]: found 21 files in build 
[debug] [2022-02-01T19:12:41.757Z] > refreshing access token with scopes: []
[debug] [2022-02-01T19:12:41.757Z] >>> HTTP REQUEST POST https://www.googleapis.com/oauth2/v3/token  
 <request body omitted>
[debug] [2022-02-01T19:12:41.759Z] [hosting] hash cache [YnVpbGQ] stored for 21 files
[debug] [2022-02-01T19:12:41.759Z] [hosting][hash queue][FINAL] {"max":2,"min":1,"avg":1,"active":0,"complete":21,"success":21,"errored":0,"retried":0,"total":21,"elapsed":5}
[debug] [2022-02-01T19:12:42.029Z] <<< HTTP RESPONSE 200 {"cache-control":"no-cache, no-store, max-age=0, must-revalidate","expires":"Mon, 01 Jan 1990 00:00:00 GMT","pragma":"no-cache","date":"Tue, 01 Feb 2022 19:12:41 GMT","content-type":"application/json; charset=utf-8","vary":"X-Origin, Referer, Origin,Accept-Encoding","server":"scaffolding on HTTPServer2","x-xss-protection":"0","x-frame-options":"SAMEORIGIN","x-content-type-options":"nosniff","alt-svc":"h3=\":443\"; ma=2592000,h3-29=\":443\"; ma=2592000,h3-Q050=\":443\"; ma=2592000,h3-Q046=\":443\"; ma=2592000,h3-Q043=\":443\"; ma=2592000,quic=\":443\"; ma=2592000; v=\"46,43\"","accept-ranges":"none","transfer-encoding":"chunked"}
[debug] [2022-02-01T19:12:42.043Z] >>> [apiv2][query] POST https://firebasehosting.googleapis.com/v1beta1/sites/kredt-react/versions/49c825a601e0f095:populateFiles [none]
[debug] [2022-02-01T19:12:42.043Z] >>> [apiv2][body] POST https://firebasehosting.googleapis.com/v1beta1/sites/kredt-react/versions/49c825a601e0f095:populateFiles {"files":{"/asset-manifest.json":"f521b3c63716bd31e6de0c0ee7803d155011a9d08e20af6512367b5b9c4e9d7f","/favicon.ico":"eae62e993eb980ec8a25058c39d5a51feab118bd2100c4deebb2a9c158ec11f9","/index.html":"c64303696e169d18a6fba7689bfc8f125e0925e262dd7ba610906a3ee8d351a3","/logo192.png":"3ee59515172ee198f3be375979df15ac5345183e656720a381b8872b2a39dc8b","/logo512.png":"ee7e2f3fdb8209c4b6fd7bef6ba50d1b9dba30a25bb5c3126df057e1cb6f5331","/manifest.json":"5c997de1364b8be939319fa9209abd77f2caf7f8844999a9e2e9173f844e7840","/robots.txt":"b2090cf9761ef60aa06e4fab97679bd43dfa5e5df073701ead5879d7c68f1ec5","/static/css/2.9a23f6e4.chunk.css":"716820775ff7c6a7e833df7e6b6d5d0dbe61045ae65334fb619bc2ab6eb4de3d","/static/css/2.9a23f6e4.chunk.css.map":"387fb34975136e8f990d6447af2bfdd8e0c4c70f7e0062a8ac94caf058b1a5e6","/static/css/main.5f1f1643.chunk.css":"3190379b1eb5de85b503884340abc9ecadd7062f1acbd651a7fa7a495f933d19","/static/css/main.5f1f1643.chunk.css.map":"fc9efd47a0589be5d0034a9c750ae415d2dfbc08b920642cabe478a0fb238dc0","/static/js/2.9c1356e3.chunk.js":"ed81de9aa841136c2c7774c3fd6b02125eb2e8ada6356f19673476e8f3477239","/static/js/2.9c1356e3.chunk.js.LICENSE.txt":"e1d15c7f3769689cc7e8be9999f964c203391165eecfaa074fcfcf2bf6de74ca","/static/js/2.9c1356e3.chunk.js.map":"15c6b55e7119e06972fbba5a494dda58abe339035c00f7cac4b831c018ce5482","/static/js/3.005927f5.chunk.js":"c9cbcee752e742c46dbf5f77ff9a12310d8b3db59902e83f7d81d29cc75220a5","/static/js/3.005927f5.chunk.js.map":"c074663c1aca856058e2cceb0260bc3c758e1bc8fa6fbf99d20fe6daed79f7b6","/static/js/main.7dc3a8f1.chunk.js":"7c96bf6b2451a59599eedc420258d8aec679d1c648d03562324dbabe33ac1eaf","/static/js/main.7dc3a8f1.chunk.js.map":"c19c6e274b7273db9dd4358ccb0c6b454510bba9bebe33e35552221dd0e5529c","/static/js/runtime-main.87a96b23.js":"981581d48c75fb7330500305b738903fa275f7283eeef6eaacc698594143b1cf","/static/js/runtime-main.87a96b23.js.map":"bf8f7fe856a0a0fc19def852b07bf92d7240bfa5323839e49eee5f197825c918","/static/media/stamp.86b01348.jpeg":"dcb100153e631ada3e602441bec2a7011ee178c040b3aba01f804945cdf8f290"}}
[debug] [2022-02-01T19:12:46.203Z] <<< [apiv2][status] POST https://firebasehosting.googleapis.com/v1beta1/sites/kredt-react/versions/49c825a601e0f095:populateFiles 200
[debug] [2022-02-01T19:12:46.203Z] <<< [apiv2][body] POST https://firebasehosting.googleapis.com/v1beta1/sites/kredt-react/versions/49c825a601e0f095:populateFiles {"uploadRequiredHashes":["15c6b55e7119e06972fbba5a494dda58abe339035c00f7cac4b831c018ce5482","ed81de9aa841136c2c7774c3fd6b02125eb2e8ada6356f19673476e8f3477239"],"uploadUrl":"https://upload-firebasehosting.googleapis.com/upload/sites/kredt-react/versions/49c825a601e0f095/files"}
[debug] [2022-02-01T19:12:46.205Z] >>> [apiv2][query] POST https://upload-firebasehosting.googleapis.com/upload/sites/kredt-react/versions/49c825a601e0f095/files/15c6b55e7119e06972fbba5a494dda58abe339035c00f7cac4b831c018ce5482 [none]
[debug] [2022-02-01T19:12:46.205Z] >>> [apiv2][body] POST https://upload-firebasehosting.googleapis.com/upload/sites/kredt-react/versions/49c825a601e0f095/files/15c6b55e7119e06972fbba5a494dda58abe339035c00f7cac4b831c018ce5482 [stream]
[debug] [2022-02-01T19:12:46.206Z] >>> [apiv2][query] POST https://upload-firebasehosting.googleapis.com/upload/sites/kredt-react/versions/49c825a601e0f095/files/ed81de9aa841136c2c7774c3fd6b02125eb2e8ada6356f19673476e8f3477239 [none]
[debug] [2022-02-01T19:12:46.206Z] >>> [apiv2][body] POST https://upload-firebasehosting.googleapis.com/upload/sites/kredt-react/versions/49c825a601e0f095/files/ed81de9aa841136c2c7774c3fd6b02125eb2e8ada6356f19673476e8f3477239 [stream]
[debug] [2022-02-01T19:12:46.207Z] [hosting][populate queue][FINAL] {"max":4448,"min":4448,"avg":4448,"active":0,"complete":1,"success":1,"errored":0,"retried":0,"total":1,"elapsed":4450}
[debug] [2022-02-01T19:12:46.207Z] [hosting] uploads queued: 2
[debug] [2022-02-01T19:13:55.300Z] [uploadQueue] Retrying task ed81de9aa841136c2c7774c3fd6b02125eb2e8ada6356f19673476e8f3477239
[debug] [2022-02-01T19:13:55.302Z] >>> [apiv2][query] POST https://upload-firebasehosting.googleapis.com/upload/sites/kredt-react/versions/49c825a601e0f095/files/ed81de9aa841136c2c7774c3fd6b02125eb2e8ada6356f19673476e8f3477239 [none]
[debug] [2022-02-01T19:13:55.302Z] >>> [apiv2][body] POST https://upload-firebasehosting.googleapis.com/upload/sites/kredt-react/versions/49c825a601e0f095/files/ed81de9aa841136c2c7774c3fd6b02125eb2e8ada6356f19673476e8f3477239 [stream]
